2022-09-18T10:56:33+00:00 CRITICAL Uncaught Error: Call to undefined function shell_exec() in /home/nristic/public_html/projekat/wp-content/themes/astra-child/functions.php:30
Stack trace:
#0 /home/nristic/public_html/projekat/wp-includes/class-wp-hook.php(307): add_note_to_cart('')
#1 /home/nristic/public_html/projekat/wp-includes/class-wp-hook.php(331): WP_Hook->apply_filters('', Array)
#2 /home/nristic/public_html/projekat/wp-includes/plugin.php(476): WP_Hook->do_action(Array)
#3 /home/nristic/public_html/projekat/wp-content/plugins/woocommerce/templates/cart/cart-totals.php(43): do_action('woocommerce_car...')
#4 /home/nristic/public_html/projekat/wp-content/plugins/woocommerce/includes/wc-core-functions.php(345): include('/home/nristic/p...')
#5 /home/nristic/public_html/projekat/wp-content/plugins/woocommerce/includes/wc-template-functions.php(2135): wc_get_template('cart/cart-total...')
#6 /home/nristic/public_html/projekat/wp-includes/class-wp-hook.php(307): woocommerce_cart_totals('')
#7 /home/nristic/public_html/projekat/wp-includes/class-wp-hook.php(331): WP_Hook->apply_filters(NULL, Array)
#8 /home/nristic/public_html/projekat/wp-includes/plugin.php(476): WP_Hook->do_action(Array)
#9 /home/nristic/public_html/projekat/wp-content/plugins/woocommerce/templates/cart/cart.php(172): do_action('woocommerce_car...')
#10 /home/nristic/public_html/projekat/wp-content/plugins/woocommerce/includes/wc-core-functions.php(345): include('/home/nristic/p...')
#11 /home/nristic/public_html/projekat/wp-content/plugins/woocommerce/includes/shortcodes/class-wc-shortcode-cart.php(99): wc_get_template('cart/cart.php')
#12 /home/nristic/public_html/projekat/wp-content/plugins/woocommerce/includes/class-wc-shortcodes.php(72): WC_Shortcode_Cart::output(Array)
#13 /home/nristic/public_html/projekat/wp-content/plugins/woocommerce/includes/class-wc-shortcodes.php(85): WC_Shortcodes::shortcode_wrapper(Array)
#14 /home/nristic/public_html/projekat/wp-includes/shortcodes.php(356): WC_Shortcodes::cart('', '', 'woocommerce_car...')
#15 [internal function]: do_shortcode_tag(Array)
#16 /home/nristic/public_html/projekat/wp-includes/shortcodes.php(228): preg_replace_callback('/\\[(\\[?)(woocom...', 'do_shortcode_ta...', '[woocommerce_ca...')
#17 /home/nristic/public_html/projekat/wp-includes/class-wp-hook.php(307): do_shortcode('[woocommerce_ca...')
#18 /home/nristic/public_html/projekat/wp-includes/plugin.php(191): WP_Hook->apply_filters('[woocommerce_ca...', Array)
#19 /home/nristic/public_html/projekat/wp-includes/post-template.php(253): apply_filters('the_content', '<!-- wp:shortco...')
#20 /home/nristic/public_html/projekat/wp-content/themes/astra/template-parts/content-page.php(54): the_content()
#21 /home/nristic/public_html/projekat/wp-includes/template.php(772): require('/home/nristic/p...')
#22 /home/nristic/public_html/projekat/wp-includes/template.php(716): load_template('/home/nristic/p...', false, Array)
#23 /home/nristic/public_html/projekat/wp-includes/general-template.php(204): locate_template(Array, true, false, Array)
#24 /home/nristic/public_html/projekat/wp-content/themes/astra/inc/class-astra-loop.php(109): get_template_part('template-parts/...', 'page')
#25 /home/nristic/public_html/projekat/wp-includes/class-wp-hook.php(307): Astra_Loop->template_parts_page('')
#26 /home/nristic/public_html/projekat/wp-includes/class-wp-hook.php(331): WP_Hook->apply_filters('', Array)
#27 /home/nristic/public_html/projekat/wp-includes/plugin.php(476): WP_Hook->do_action(Array)
#28 /home/nristic/public_html/projekat/wp-content/themes/astra/inc/class-astra-loop.php(197): do_action('astra_page_temp...')
#29 /home/nristic/public_html/projekat/wp-content/themes/astra/inc/class-astra-loop.php(174): Astra_Loop->loop_markup(true)
#30 /home/nristic/public_html/projekat/wp-includes/class-wp-hook.php(307): Astra_Loop->loop_markup_page('')
#31 /home/nristic/public_html/projekat/wp-includes/class-wp-hook.php(331): WP_Hook->apply_filters('', Array)
#32 /home/nristic/public_html/projekat/wp-includes/plugin.php(476): WP_Hook->do_action(Array)
#33 /home/nristic/public_html/projekat/wp-content/themes/astra/inc/core/theme-hooks.php(267): do_action('astra_content_p...')
#34 /home/nristic/public_html/projekat/wp-content/themes/astra/page.php(32): astra_content_page_loop()
#35 /home/nristic/public_html/projekat/wp-includes/template-loader.php(106): include('/home/nristic/p...')
#36 /home/nristic/public_html/projekat/wp-blog-header.php(19): require_once('/home/nristic/p...')
#37 /home/nristic/public_html/projekat/index.php(17): require('/home/nristic/p...')
#38 {main}
  thrown in /home/nristic/public_html/projekat/wp-content/themes/astra-child/functions.php on line 30

